  function_common.cpp
  function_mysql.cpp
d:\data\vs2010\new_project_mw\config_server_mysql\function_mysql.cpp(59): warning C4996: 'strcpy': This function or variable may be unsafe. Consider using strcpy_s instead. To disable deprecation, use _CRT_SECURE_NO_WARNINGS. See online help for details.
          c:\program files (x86)\microsoft visual studio 10.0\vc\include\string.h(105) : 参见“strcpy”的声明
d:\data\vs2010\new_project_mw\config_server_mysql\function_mysql.cpp(60): warning C4996: 'strcat': This function or variable may be unsafe. Consider using strcat_s instead. To disable deprecation, use _CRT_SECURE_NO_WARNINGS. See online help for details.
          c:\program files (x86)\microsoft visual studio 10.0\vc\include\string.h(110) : 参见“strcat”的声明
d:\data\vs2010\new_project_mw\config_server_mysql\function_mysql.cpp(147): warning C4996: 'strcat': This function or variable may be unsafe. Consider using strcat_s instead. To disable deprecation, use _CRT_SECURE_NO_WARNINGS. See online help for details.
          c:\program files (x86)\microsoft visual studio 10.0\vc\include\string.h(110) : 参见“strcat”的声明
d:\data\vs2010\new_project_mw\config_server_mysql\function_mysql.cpp(356): warning C4244: “=”: 从“my_ulonglong”转换到“int”，可能丢失数据
  function_server.cpp
d:\data\vs2010\new_project_mw\config_server_mysql\function_server.cpp(39): warning C4996: 'strtok': This function or variable may be unsafe. Consider using strtok_s instead. To disable deprecation, use _CRT_SECURE_NO_WARNINGS. See online help for details.
          c:\program files (x86)\microsoft visual studio 10.0\vc\include\string.h(197) : 参见“strtok”的声明
d:\data\vs2010\new_project_mw\config_server_mysql\function_server.cpp(40): warning C4996: 'strtok': This function or variable may be unsafe. Consider using strtok_s instead. To disable deprecation, use _CRT_SECURE_NO_WARNINGS. See online help for details.
          c:\program files (x86)\microsoft visual studio 10.0\vc\include\string.h(197) : 参见“strtok”的声明
d:\data\vs2010\new_project_mw\config_server_mysql\function_server.cpp(104): warning C4996: 'strtok': This function or variable may be unsafe. Consider using strtok_s instead. To disable deprecation, use _CRT_SECURE_NO_WARNINGS. See online help for details.
          c:\program files (x86)\microsoft visual studio 10.0\vc\include\string.h(197) : 参见“strtok”的声明
d:\data\vs2010\new_project_mw\config_server_mysql\function_server.cpp(107): warning C4996: 'strtok': This function or variable may be unsafe. Consider using strtok_s instead. To disable deprecation, use _CRT_SECURE_NO_WARNINGS. See online help for details.
          c:\program files (x86)\microsoft visual studio 10.0\vc\include\string.h(197) : 参见“strtok”的声明
  MAIN.cpp
d:\data\vs2010\new_project_mw\config_server_mysql\main.cpp(22): warning C4101: “control”: 未引用的局部变量
  mysql.cpp
  server_go.cpp
function_common.obj : error LNK2001: 无法解析的外部符号 _mysql_query@8
function_common.obj : error LNK2001: 无法解析的外部符号 _mysql_fetch_row@4
function_common.obj : error LNK2001: 无法解析的外部符号 _mysql_store_result@4
function_common.obj : error LNK2001: 无法解析的外部符号 _mysql_num_rows@4
function_mysql.obj : error LNK2001: 无法解析的外部符号 _mysql_close@4
function_mysql.obj : error LNK2001: 无法解析的外部符号 _mysql_real_connect@32
function_mysql.obj : error LNK2001: 无法解析的外部符号 _mysql_list_tables@8
function_mysql.obj : error LNK2001: 无法解析的外部符号 _mysql_list_dbs@8
function_mysql.obj : error LNK2001: 无法解析的外部符号 _mysql_free_result@4
function_mysql.obj : error LNK2001: 无法解析的外部符号 _mysql_select_db@8
function_mysql.obj : error LNK2001: 无法解析的外部符号 _mysql_init@4
D:\DATA\VS2010\new_project_mw\Release\config_server_mysql.exe : fatal error LNK1120: 11 个无法解析的外部命令
