  MAIN.cpp
  config_client.cpp
config_client.cpp(38): warning C4101: “ip_status_local”: 未引用的局部变量
  function_client.cpp
function_client.cpp(51): warning C4996: 'strtok': This function or variable may be unsafe. Consider using strtok_s instead. To disable deprecation, use _CRT_SECURE_NO_WARNINGS. See online help for details.
          D:\Program\vc2010\VC\include\string.h(197) : 参见“strtok”的声明
function_client.cpp(52): warning C4996: 'strtok': This function or variable may be unsafe. Consider using strtok_s instead. To disable deprecation, use _CRT_SECURE_NO_WARNINGS. See online help for details.
          D:\Program\vc2010\VC\include\string.h(197) : 参见“strtok”的声明
function_client.cpp(53): warning C4996: 'strtok': This function or variable may be unsafe. Consider using strtok_s instead. To disable deprecation, use _CRT_SECURE_NO_WARNINGS. See online help for details.
          D:\Program\vc2010\VC\include\string.h(197) : 参见“strtok”的声明
function_client.cpp(55): warning C4996: 'strtok': This function or variable may be unsafe. Consider using strtok_s instead. To disable deprecation, use _CRT_SECURE_NO_WARNINGS. See online help for details.
          D:\Program\vc2010\VC\include\string.h(197) : 参见“strtok”的声明
function_client.cpp(57): warning C4996: 'strtok': This function or variable may be unsafe. Consider using strtok_s instead. To disable deprecation, use _CRT_SECURE_NO_WARNINGS. See online help for details.
          D:\Program\vc2010\VC\include\string.h(197) : 参见“strtok”的声明
  function_mysql_client.cpp
function_mysql_client.cpp(59): warning C4996: 'strcpy': This function or variable may be unsafe. Consider using strcpy_s instead. To disable deprecation, use _CRT_SECURE_NO_WARNINGS. See online help for details.
          D:\Program\vc2010\VC\include\string.h(105) : 参见“strcpy”的声明
function_mysql_client.cpp(60): warning C4996: 'strcat': This function or variable may be unsafe. Consider using strcat_s instead. To disable deprecation, use _CRT_SECURE_NO_WARNINGS. See online help for details.
          D:\Program\vc2010\VC\include\string.h(110) : 参见“strcat”的声明
function_mysql_client.cpp(147): warning C4996: 'strcat': This function or variable may be unsafe. Consider using strcat_s instead. To disable deprecation, use _CRT_SECURE_NO_WARNINGS. See online help for details.
          D:\Program\vc2010\VC\include\string.h(110) : 参见“strcat”的声明
function_mysql_client.cpp(540): warning C4101: “res_p”: 未引用的局部变量
  msyql_test.cpp
  正在生成代码
  已完成代码的生成
  config_client_mysql.vcxproj -> D:\DATA\VS2010\new_project_mw\Release\config_client_mysql.exe
