D:\DATA\VS2010\new_project_mw\config_server\Release\cl.command.1.tlog
D:\DATA\VS2010\new_project_mw\config_server\Release\CL.read.1.tlog
D:\DATA\VS2010\new_project_mw\config_server\Release\CL.write.1.tlog
D:\DATA\VS2010\new_project_mw\config_server\Release\config_ftp_mail.obj
D:\DATA\VS2010\new_project_mw\config_server\Release\config_ftp_nomail.obj
D:\DATA\VS2010\new_project_mw\config_server\Release\config_server.exe.intermediate.manifest
D:\DATA\VS2010\new_project_mw\config_server\Release\config_server.obj
D:\DATA\VS2010\new_project_mw\config_server\Release\function.obj
D:\DATA\VS2010\new_project_mw\config_server\Release\function_server.obj
D:\DATA\VS2010\new_project_mw\config_server\Release\link.command.1.tlog
D:\DATA\VS2010\new_project_mw\config_server\Release\link.read.1.tlog
D:\DATA\VS2010\new_project_mw\config_server\Release\link.write.1.tlog
D:\DATA\VS2010\new_project_mw\config_server\Release\link-cvtres.read.1.tlog
D:\DATA\VS2010\new_project_mw\config_server\Release\link-cvtres.write.1.tlog
D:\DATA\VS2010\new_project_mw\config_server\Release\link-rc.read.1.tlog
D:\DATA\VS2010\new_project_mw\config_server\Release\link-rc.write.1.tlog
D:\DATA\VS2010\new_project_mw\config_server\Release\Main.obj
D:\DATA\VS2010\new_project_mw\config_server\Release\mt.command.1.tlog
D:\DATA\VS2010\new_project_mw\config_server\Release\mt.read.1.tlog
D:\DATA\VS2010\new_project_mw\config_server\Release\mt.write.1.tlog
D:\DATA\VS2010\new_project_mw\config_server\Release\vc100.pdb
D:\DATA\VS2010\new_project_mw\config_server\Release\vc110.pdb
D:\DATA\VS2010\NEW_PROJECT_MW\RELEASE\CONFIG_SERVER.EXE
D:\DATA\VS2010\new_project_mw\Release\config_server.pdb
D:\WORKSPACE\NEW_CONFIG_ALL-MASTER\CONFIG_SERVER\RELEASE\CONFIG_FTP_MAIL.OBJ
D:\WORKSPACE\NEW_CONFIG_ALL-MASTER\CONFIG_SERVER\RELEASE\CONFIG_SERVER.OBJ
D:\WORKSPACE\NEW_CONFIG_ALL-MASTER\CONFIG_SERVER\RELEASE\FUNCTION.OBJ
D:\WORKSPACE\NEW_CONFIG_ALL-MASTER\CONFIG_SERVER\RELEASE\FUNCTION_SERVER.OBJ
D:\WORKSPACE\NEW_CONFIG_ALL-MASTER\CONFIG_SERVER\RELEASE\MAIN.OBJ
D:\WORKSPACE\NEW_CONFIG_ALL-MASTER\CONFIG_SERVER\RELEASE\VC110.PDB
D:\WORKSPACE\NEW_CONFIG_ALL-MASTER\RELEASE\CONFIG_SERVER.EXE
D:\WORKSPACE\NEW_CONFIG_ALL-MASTER\RELEASE\CONFIG_SERVER.PDB
